Unity Editor version:    2020.3.26f1 (7298b473bc1a)
Branch:                  2020.3/staging
Build type:              Release
Batch mode:              YES
macOS version:           Version 12.2.1 (Build 21D62)
Darwin version:          21.3.0
Architecture:            x86_64
Running under Rosetta:   NO
Available memory:        8192 MB
Using pre-set license
Pro License: NO

COMMAND LINE ARGUMENTS:
/Applications/Unity/Hub/Editor/2020.3.26f1/Unity.app/Contents/MacOS/Unity
-adb2
-batchMode
-noUpm
-name
AssetImportWorker1
-projectPath
/Users/user/Desktop/CastleDefence/CastleDefender
-logFile
Logs/AssetImportWorker1.log
-srvPort
56400
Successfully changed project path to: /Users/user/Desktop/CastleDefence/CastleDefender
/Users/user/Desktop/CastleDefence/CastleDefender
Using Asset Import Pipeline V2.
Refreshing native plugins compatible for Editor in 37.12 ms, found 2 plugins.
Preloading 0 native plugins for Editor in 0.00 ms.
Initialize engine version: 2020.3.26f1 (7298b473bc1a)
[Subsystems] Discovering subsystems at path /Applications/Unity/Hub/Editor/2020.3.26f1/Unity.app/Contents/Resources/UnitySubsystems
[Subsystems] Discovering subsystems at path /Users/user/Desktop/CastleDefence/CastleDefender/Assets
GfxDevice: creating device client; threaded=0
2023-03-20 12:46:38.053 Unity[90010:8501984] iMac preferred device: AMD Radeon Pro 5300 (high power)
2023-03-20 12:46:38.053 Unity[90010:8501984] Metal devices available: 1
2023-03-20 12:46:38.054 Unity[90010:8501984] 0: AMD Radeon Pro 5300 (high power)
2023-03-20 12:46:38.054 Unity[90010:8501984] Using device AMD Radeon Pro 5300 (high power)
Initializing Metal device caps: AMD Radeon Pro 5300
Initialize mono
Mono path[0] = '/Applications/Unity/Hub/Editor/2020.3.26f1/Unity.app/Contents/Managed'
Mono path[1] = '/Applications/Unity/Hub/Editor/2020.3.26f1/Unity.app/Contents/MonoBleedingEdge/lib/mono/unityjit'
Mono config path = '/Applications/Unity/Hub/Editor/2020.3.26f1/Unity.app/Contents/MonoBleedingEdge/etc'
Using monoOptions --debugger-agent=transport=dt_socket,embedding=1,server=y,suspend=n,address=127.0.0.1:56010
Begin MonoManager ReloadAssembly
Registering precompiled unity dll's ...
Register platform support module: /Applications/Unity/Hub/Editor/2020.3.26f1/Unity.app/Contents/PlaybackEngines/MacStandaloneSupport/UnityEditor.OSXStandalone.Extensions.dll
Register platform support module: /Applications/Unity/Hub/Editor/2020.3.26f1/PlaybackEngines/WindowsStandaloneSupport/UnityEditor.WindowsStandalone.Extensions.dll
Registered in 0.000592 seconds.
Native extension for WindowsStandalone target not found
Native extension for OSXStandalone target not found
Refreshing native plugins compatible for Editor in 31.35 ms, found 2 plugins.
Preloading 0 native plugins for Editor in 0.00 ms.
Mono: successfully reloaded assembly
- Completed reload, in  0.609 seconds
Domain Reload Profiling:
	ReloadAssembly (609ms)
		BeginReloadAssembly (44ms)
			ExecutionOrderSort (0ms)
			DisableScriptedObjects (0ms)
			BackupInstance (0ms)
			ReleaseScriptingObjects (0ms)
			CreateAndSetChildDomain (1ms)
		EndReloadAssembly (488ms)
			LoadAssemblies (43ms)
			RebuildTransferFunctionScriptingTraits (0ms)
			SetupTypeCache (178ms)
			ReleaseScriptCaches (0ms)
			RebuildScriptCaches (40ms)
			SetupLoadedEditorAssemblies (186ms)
				LogAssemblyErrors (0ms)
				InitializePlatformSupportModulesInManaged (6ms)
				SetLoadedEditorAssemblies (0ms)
				RefreshPlugins (31ms)
				BeforeProcessingInitializeOnLoad (11ms)
				ProcessInitializeOnLoadAttributes (107ms)
				ProcessInitializeOnLoadMethodAttributes (31ms)
				AfterProcessingInitializeOnLoad (0ms)
				EditorAssembliesLoaded (0ms)
			ExecutionOrderSort2 (0ms)
			AwakeInstancesAfterBackupRestoration (0ms)
Platform modules already initialized, skipping
Registering precompiled user dll's ...
Registered in 0.002774 seconds.
Begin MonoManager ReloadAssembly
Native extension for WindowsStandalone target not found
Native extension for OSXStandalone target not found
Refreshing native plugins compatible for Editor in 0.38 ms, found 2 plugins.
Preloading 0 native plugins for Editor in 0.00 ms.
Mono: successfully reloaded assembly
- Completed reload, in  1.196 seconds
Domain Reload Profiling:
	ReloadAssembly (1197ms)
		BeginReloadAssembly (146ms)
			ExecutionOrderSort (0ms)
			DisableScriptedObjects (5ms)
			BackupInstance (0ms)
			ReleaseScriptingObjects (0ms)
			CreateAndSetChildDomain (29ms)
		EndReloadAssembly (990ms)
			LoadAssemblies (83ms)
			RebuildTransferFunctionScriptingTraits (0ms)
			SetupTypeCache (323ms)
			ReleaseScriptCaches (0ms)
			RebuildScriptCaches (60ms)
			SetupLoadedEditorAssemblies (412ms)
				LogAssemblyErrors (0ms)
				InitializePlatformSupportModulesInManaged (5ms)
				SetLoadedEditorAssemblies (1ms)
				RefreshPlugins (0ms)
				BeforeProcessingInitializeOnLoad (69ms)
				ProcessInitializeOnLoadAttributes (325ms)
				ProcessInitializeOnLoadMethodAttributes (11ms)
				AfterProcessingInitializeOnLoad (1ms)
				EditorAssembliesLoaded (0ms)
			ExecutionOrderSort2 (0ms)
			AwakeInstancesAfterBackupRestoration (8ms)
Platform modules already initialized, skipping
Validating Project structure ... 0.003604 seconds.
Shader import version has changed; will reimport all shaders...
Upgrading shader files ...0.022532 seconds.
Application.AssetDatabase Initial Script Refresh Start
RefreshInfo: InitialScriptRefreshV2(NoUpdateAssetOptions) scanfilter:  ... 1 filters
RefreshProfiler: Total: 0.000ms
Application.AssetDatabase Initial Script Refresh End
Application.AssetDatabase.Refresh Start
Application.AssetDatabase.Refresh End
RefreshInfo: StopAssetImportingV2(ForceSynchronousImport) scanfilter: 
RefreshProfiler: Total: 0.000ms
Launching external process: /Applications/Unity/Hub/Editor/2020.3.26f1/Unity.app/Contents/Tools/UnityShaderCompiler
Launched and connected shader compiler UnityShaderCompiler after 0.14 seconds
Initializing Unity extensions:
2023-03-20 12:46:41.454 Unity[90010:8501984] NSEventModifierFlagFunction specified to -setKeyEquivalentModifierMask: for item <NSMenuItem: 0x7fc82e9be4c0 Font Asset, ke='Command-F12'>, but is only supported for system-provided menu items; will not be used
2023-03-20 12:46:41.457 Unity[90010:8501984] NSEventModifierFlagFunction specified to -setKeyEquivalentModifierMask: for item <NSMenuItem: 0x7fc82eb0f520 Font Asset, ke='Command-F12'>, but is only supported for system-provided menu items; will not be used
========================================================================
Worker process is ready to serve import requests
Refreshing native plugins compatible for Editor in 0.37 ms, found 2 plugins.
Preloading 0 native plugins for Editor in 0.00 ms.
Unloading 2046 Unused Serialized files (Serialized files now loaded: 0)
System memory in use before: 186.6 MB.
System memory in use after: 185.8 MB.

Unloading 109 unused Assets to reduce memory usage. Loaded Objects now: 2522.
Total: 3.113644 ms (FindLiveObjects: 0.187054 ms CreateObjectMapping: 0.069509 ms MarkObjects: 2.403735 ms  DeleteObjects: 0.452513 ms)

AssetImportParameters requested are different than current active one (requested -> active):
  custom:video-decoder-ogg-theora: a1e56fd34408186e4bbccfd4996cb3dc -> 
  custom:container-muxer-webm: aa71ff27fc2769a1b78a27578f13a17b -> 
  custom:container-demuxer-webm: 4f35f7cbe854078d1ac9338744f61a02 -> 
  custom:container-demuxer-ogg: 62fdf1f143b41e24485cea50d1cbac27 -> 
  custom:video-encoder-webm-vp8: eb34c28f22e8b96e1ab97ce403110664 -> 
  custom:framework-osx-AVFoundation: e770b220cccbd017edd2c1fefb359320 -> 
  custom:video-decoder-webm-vp8: 9c59270c3fd7afecdb556c50c9e8de78 -> 
  custom:audio-decoder-ogg-vorbis: bf7c407c2cedff20999df2af8eb42d56 -> 
  custom:audio-encoder-webm-vorbis: bf7c407c2cedff20999df2af8eb42d56 -> 
========================================================================
Received Import Request.
  path: Assets/Prefabs/Units/Defender.prefab
  artifactKey: Guid(e533ffaa171174ffcab4a26a98f36ddf) Importer(815301076,1909f56bfc062723c751e8b465ee728b)
Start importing Assets/Prefabs/Units/Defender.prefab using Guid(e533ffaa171174ffcab4a26a98f36ddf) Importer(815301076,1909f56bfc062723c751e8b465ee728b)  -> (artifact id: 'd700b24123be544f169eed290bf15691') in 0.906692 seconds 
  Import took 0.912449 seconds .

========================================================================
Received Import Request.
  Time since last request: 0.000240 seconds.
  path: Assets/Prefabs/Units/Unit.prefab
  artifactKey: Guid(0b80041fe38a642d8acc955744477f92) Importer(815301076,1909f56bfc062723c751e8b465ee728b)
Start importing Assets/Prefabs/Units/Unit.prefab using Guid(0b80041fe38a642d8acc955744477f92) Importer(815301076,1909f56bfc062723c751e8b465ee728b)  -> (artifact id: 'c7c804388121ba26c209c67362c8bc85') in 0.009143 seconds 
  Import took 0.012012 seconds .

========================================================================
Received Import Request.
  Time since last request: 40.259975 seconds.
  path: Assets/Prefabs/Units/Unit.prefab
  artifactKey: Guid(0b80041fe38a642d8acc955744477f92) Importer(815301076,1909f56bfc062723c751e8b465ee728b)
Start importing Assets/Prefabs/Units/Unit.prefab using Guid(0b80041fe38a642d8acc955744477f92) Importer(815301076,1909f56bfc062723c751e8b465ee728b)  -> (artifact id: 'ee74103d578cdc191037a9fb5c0f7301') in 0.010637 seconds 
  Import took 0.014099 seconds .

========================================================================
Received Prepare
Registering precompiled user dll's ...
Registered in 0.005453 seconds.
Begin MonoManager ReloadAssembly
Native extension for WindowsStandalone target not found
Native extension for OSXStandalone target not found
Refreshing native plugins compatible for Editor in 0.38 ms, found 2 plugins.
Preloading 0 native plugins for Editor in 0.00 ms.
2023-03-20 12:48:19.168 Unity[90010:8501984] NSEventModifierFlagFunction specified to -setKeyEquivalentModifierMask: for item <NSMenuItem: 0x7fc82d2739a0 Font Asset, ke='Command-F12'>, but is only supported for system-provided menu items; will not be used
Mono: successfully reloaded assembly
- Completed reload, in  1.209 seconds
Domain Reload Profiling:
	ReloadAssembly (1209ms)
		BeginReloadAssembly (140ms)
			ExecutionOrderSort (0ms)
			DisableScriptedObjects (6ms)
			BackupInstance (0ms)
			ReleaseScriptingObjects (0ms)
			CreateAndSetChildDomain (73ms)
		EndReloadAssembly (1005ms)
			LoadAssemblies (91ms)
			RebuildTransferFunctionScriptingTraits (0ms)
			SetupTypeCache (325ms)
			ReleaseScriptCaches (1ms)
			RebuildScriptCaches (53ms)
			SetupLoadedEditorAssemblies (341ms)
				LogAssemblyErrors (0ms)
				InitializePlatformSupportModulesInManaged (5ms)
				SetLoadedEditorAssemblies (0ms)
				RefreshPlugins (0ms)
				BeforeProcessingInitializeOnLoad (106ms)
				ProcessInitializeOnLoadAttributes (213ms)
				ProcessInitializeOnLoadMethodAttributes (14ms)
				AfterProcessingInitializeOnLoad (1ms)
				EditorAssembliesLoaded (0ms)
			ExecutionOrderSort2 (0ms)
			AwakeInstancesAfterBackupRestoration (48ms)
Platform modules already initialized, skipping
Refreshing native plugins compatible for Editor in 0.36 ms, found 2 plugins.
Preloading 0 native plugins for Editor in 0.00 ms.
Unloading 2010 Unused Serialized files (Serialized files now loaded: 0)
System memory in use before: 187.4 MB.
System memory in use after: 187.5 MB.

Unloading 15 unused Assets to reduce memory usage. Loaded Objects now: 2532.
Total: 2.999879 ms (FindLiveObjects: 0.180359 ms CreateObjectMapping: 0.080393 ms MarkObjects: 2.715692 ms  DeleteObjects: 0.022733 ms)

AssetImportParameters requested are different than current active one (requested -> active):
  custom:video-decoder-ogg-theora: a1e56fd34408186e4bbccfd4996cb3dc -> 
  custom:container-muxer-webm: aa71ff27fc2769a1b78a27578f13a17b -> 
  custom:container-demuxer-webm: 4f35f7cbe854078d1ac9338744f61a02 -> 
  custom:container-demuxer-ogg: 62fdf1f143b41e24485cea50d1cbac27 -> 
  custom:video-encoder-webm-vp8: eb34c28f22e8b96e1ab97ce403110664 -> 
  custom:framework-osx-AVFoundation: e770b220cccbd017edd2c1fefb359320 -> 
  custom:video-decoder-webm-vp8: 9c59270c3fd7afecdb556c50c9e8de78 -> 
  custom:audio-decoder-ogg-vorbis: bf7c407c2cedff20999df2af8eb42d56 -> 
  custom:audio-encoder-webm-vorbis: bf7c407c2cedff20999df2af8eb42d56 -> 
========================================================================
Received Prepare
Registering precompiled user dll's ...
Registered in 0.002545 seconds.
Begin MonoManager ReloadAssembly
Native extension for WindowsStandalone target not found
Native extension for OSXStandalone target not found
Refreshing native plugins compatible for Editor in 0.36 ms, found 2 plugins.
Preloading 0 native plugins for Editor in 0.00 ms.
2023-03-20 12:49:56.184 Unity[90010:8501984] NSEventModifierFlagFunction specified to -setKeyEquivalentModifierMask: for item <NSMenuItem: 0x7fc82c5644a0 Font Asset, ke='Command-F12'>, but is only supported for system-provided menu items; will not be used
Mono: successfully reloaded assembly
- Completed reload, in  1.243 seconds
Domain Reload Profiling:
	ReloadAssembly (1244ms)
		BeginReloadAssembly (181ms)
			ExecutionOrderSort (0ms)
			DisableScriptedObjects (11ms)
			BackupInstance (0ms)
			ReleaseScriptingObjects (0ms)
			CreateAndSetChildDomain (104ms)
		EndReloadAssembly (998ms)
			LoadAssemblies (75ms)
			RebuildTransferFunctionScriptingTraits (0ms)
			SetupTypeCache (342ms)
			ReleaseScriptCaches (1ms)
			RebuildScriptCaches (52ms)
			SetupLoadedEditorAssemblies (336ms)
				LogAssemblyErrors (0ms)
				InitializePlatformSupportModulesInManaged (5ms)
				SetLoadedEditorAssemblies (1ms)
				RefreshPlugins (0ms)
				BeforeProcessingInitializeOnLoad (106ms)
				ProcessInitializeOnLoadAttributes (211ms)
				ProcessInitializeOnLoadMethodAttributes (11ms)
				AfterProcessingInitializeOnLoad (1ms)
				EditorAssembliesLoaded (0ms)
			ExecutionOrderSort2 (0ms)
			AwakeInstancesAfterBackupRestoration (47ms)
Platform modules already initialized, skipping
Refreshing native plugins compatible for Editor in 0.36 ms, found 2 plugins.
Preloading 0 native plugins for Editor in 0.00 ms.
Unloading 2010 Unused Serialized files (Serialized files now loaded: 0)
System memory in use before: 187.6 MB.
System memory in use after: 187.8 MB.

Unloading 14 unused Assets to reduce memory usage. Loaded Objects now: 2534.
Total: 3.370401 ms (FindLiveObjects: 0.287270 ms CreateObjectMapping: 0.123499 ms MarkObjects: 2.941046 ms  DeleteObjects: 0.017969 ms)

AssetImportParameters requested are different than current active one (requested -> active):
  custom:video-decoder-ogg-theora: a1e56fd34408186e4bbccfd4996cb3dc -> 
  custom:container-muxer-webm: aa71ff27fc2769a1b78a27578f13a17b -> 
  custom:container-demuxer-webm: 4f35f7cbe854078d1ac9338744f61a02 -> 
  custom:container-demuxer-ogg: 62fdf1f143b41e24485cea50d1cbac27 -> 
  custom:video-encoder-webm-vp8: eb34c28f22e8b96e1ab97ce403110664 -> 
  custom:framework-osx-AVFoundation: e770b220cccbd017edd2c1fefb359320 -> 
  custom:video-decoder-webm-vp8: 9c59270c3fd7afecdb556c50c9e8de78 -> 
  custom:audio-decoder-ogg-vorbis: bf7c407c2cedff20999df2af8eb42d56 -> 
  custom:audio-encoder-webm-vorbis: bf7c407c2cedff20999df2af8eb42d56 -> 
========================================================================
Received Import Request.
  Time since last request: 154.013347 seconds.
  path: Assets/Prefabs/Units/Defender.prefab
  artifactKey: Guid(e533ffaa171174ffcab4a26a98f36ddf) Importer(815301076,1909f56bfc062723c751e8b465ee728b)
Start importing Assets/Prefabs/Units/Defender.prefab using Guid(e533ffaa171174ffcab4a26a98f36ddf) Importer(815301076,1909f56bfc062723c751e8b465ee728b)  -> (artifact id: 'bda23b2ad14e0f859b756b8db18b652a') in 0.072181 seconds 
  Import took 0.075598 seconds .

========================================================================
Received Import Request.
  Time since last request: 0.000211 seconds.
  path: Assets/Prefabs/Units/Unit.prefab
  artifactKey: Guid(0b80041fe38a642d8acc955744477f92) Importer(815301076,1909f56bfc062723c751e8b465ee728b)
Start importing Assets/Prefabs/Units/Unit.prefab using Guid(0b80041fe38a642d8acc955744477f92) Importer(815301076,1909f56bfc062723c751e8b465ee728b)  -> (artifact id: '96d2256dea98185db0e5cf2688d4c40b') in 0.069269 seconds 
  Import took 0.071731 seconds .

========================================================================
Received Import Request.
  Time since last request: 28.278437 seconds.
  path: Assets/Prefabs/Units/Unit.prefab
  artifactKey: Guid(0b80041fe38a642d8acc955744477f92) Importer(815301076,1909f56bfc062723c751e8b465ee728b)
Start importing Assets/Prefabs/Units/Unit.prefab using Guid(0b80041fe38a642d8acc955744477f92) Importer(815301076,1909f56bfc062723c751e8b465ee728b)  -> (artifact id: '9dfb63df12786b984b64c6b63b8ea249') in 0.008620 seconds 
  Import took 0.011922 seconds .

========================================================================
Received Import Request.
  Time since last request: 56.594575 seconds.
  path: Assets/Prefabs/Units/Defender.prefab
  artifactKey: Guid(e533ffaa171174ffcab4a26a98f36ddf) Importer(815301076,1909f56bfc062723c751e8b465ee728b)
Start importing Assets/Prefabs/Units/Defender.prefab using Guid(e533ffaa171174ffcab4a26a98f36ddf) Importer(815301076,1909f56bfc062723c751e8b465ee728b)  -> (artifact id: '265253f4fc4fe3baa363d4dc34111f9e') in 0.014322 seconds 
  Import took 0.024545 seconds .

========================================================================
Received Import Request.
  Time since last request: 2.188180 seconds.
  path: Assets/Prefabs/Units/Defender.prefab
  artifactKey: Guid(e533ffaa171174ffcab4a26a98f36ddf) Importer(815301076,1909f56bfc062723c751e8b465ee728b)
Start importing Assets/Prefabs/Units/Defender.prefab using Guid(e533ffaa171174ffcab4a26a98f36ddf) Importer(815301076,1909f56bfc062723c751e8b465ee728b)  -> (artifact id: 'f6942e1452bfdb8b4cd052d0ce423757') in 0.007173 seconds 
  Import took 0.010190 seconds .

========================================================================
Received Import Request.
  Time since last request: 4.666665 seconds.
  path: Assets/Prefabs/Units/Defender.prefab
  artifactKey: Guid(e533ffaa171174ffcab4a26a98f36ddf) Importer(815301076,1909f56bfc062723c751e8b465ee728b)
Start importing Assets/Prefabs/Units/Defender.prefab using Guid(e533ffaa171174ffcab4a26a98f36ddf) Importer(815301076,1909f56bfc062723c751e8b465ee728b)  -> (artifact id: '2628426d604a294b4208143defc9fb33') in 0.008103 seconds 
  Import took 0.011233 seconds .

========================================================================
Received Import Request.
  Time since last request: 4.112117 seconds.
  path: Assets/Prefabs/Units/Defender.prefab
  artifactKey: Guid(e533ffaa171174ffcab4a26a98f36ddf) Importer(815301076,1909f56bfc062723c751e8b465ee728b)
Start importing Assets/Prefabs/Units/Defender.prefab using Guid(e533ffaa171174ffcab4a26a98f36ddf) Importer(815301076,1909f56bfc062723c751e8b465ee728b)  -> (artifact id: 'd02905bc75c7043fc77f2efedd47e5a8') in 0.006699 seconds 
  Import took 0.009629 seconds .

========================================================================
Received Import Request.
  Time since last request: 3.176470 seconds.
  path: Assets/Prefabs/Units/Defender.prefab
  artifactKey: Guid(e533ffaa171174ffcab4a26a98f36ddf) Importer(815301076,1909f56bfc062723c751e8b465ee728b)
Start importing Assets/Prefabs/Units/Defender.prefab using Guid(e533ffaa171174ffcab4a26a98f36ddf) Importer(815301076,1909f56bfc062723c751e8b465ee728b)  -> (artifact id: '3b67f2100a7b5397268f03e2ab872687') in 0.006691 seconds 
  Import took 0.009599 seconds .

========================================================================
Received Import Request.
  Time since last request: 25.076429 seconds.
  path: Assets/Prefabs/Buildings/Barracks.prefab
  artifactKey: Guid(3f52e74d04ad949fb9663f48f017fe53) Importer(815301076,1909f56bfc062723c751e8b465ee728b)
Start importing Assets/Prefabs/Buildings/Barracks.prefab using Guid(3f52e74d04ad949fb9663f48f017fe53) Importer(815301076,1909f56bfc062723c751e8b465ee728b)  -> (artifact id: '075acd213aee8967d18130ceda234a78') in 0.008899 seconds 
  Import took 0.011688 seconds .

========================================================================
Received Import Request.
  Time since last request: 0.000732 seconds.
  path: Assets/Prefabs/Buildings/Store.prefab
  artifactKey: Guid(696912db56790482d97bd1506d97d5d1) Importer(815301076,1909f56bfc062723c751e8b465ee728b)
Start importing Assets/Prefabs/Buildings/Store.prefab using Guid(696912db56790482d97bd1506d97d5d1) Importer(815301076,1909f56bfc062723c751e8b465ee728b)  -> (artifact id: 'fe2fe93d0eae3176fc4e54a96329c7cb') in 0.007631 seconds 
  Import took 0.010325 seconds .

========================================================================
Received Import Request.
  Time since last request: 0.000190 seconds.
  path: Assets/Prefabs/Buildings/Wall.prefab
  artifactKey: Guid(1e528853166c74a45911f4ea9bf840c8) Importer(815301076,1909f56bfc062723c751e8b465ee728b)
Start importing Assets/Prefabs/Buildings/Wall.prefab using Guid(1e528853166c74a45911f4ea9bf840c8) Importer(815301076,1909f56bfc062723c751e8b465ee728b)  -> (artifact id: '90a517e5c4a2b23f78b7cd6d6e9c78c3') in 0.008376 seconds 
  Import took 0.011604 seconds .

========================================================================
Received Import Request.
  Time since last request: 0.000162 seconds.
  path: Assets/Prefabs/Buildings/Castle.prefab
  artifactKey: Guid(976cc182bbe5e4a4285b5f0bc93ccb6b) Importer(815301076,1909f56bfc062723c751e8b465ee728b)
Start importing Assets/Prefabs/Buildings/Castle.prefab using Guid(976cc182bbe5e4a4285b5f0bc93ccb6b) Importer(815301076,1909f56bfc062723c751e8b465ee728b)  -> (artifact id: '461dc0aacd5f8e99b50e4c9dccbb242c') in 0.040602 seconds 
  Import took 0.043400 seconds .

========================================================================
Received Import Request.
  Time since last request: 0.000160 seconds.
  path: Assets/Prefabs/Buildings/Smithy.prefab
  artifactKey: Guid(45a0bcccd5f004dae82c9a5ea7e1610c) Importer(815301076,1909f56bfc062723c751e8b465ee728b)
Start importing Assets/Prefabs/Buildings/Smithy.prefab using Guid(45a0bcccd5f004dae82c9a5ea7e1610c) Importer(815301076,1909f56bfc062723c751e8b465ee728b)  -> (artifact id: '86d540edab317946e179df480f07fb0e') in 0.008272 seconds 
  Import took 0.010785 seconds .

========================================================================
Received Import Request.
  Time since last request: 0.000169 seconds.
  path: Assets/Prefabs/Buildings/Tower.prefab
  artifactKey: Guid(1a57ccf72e6c446f1835b272b1d201f0) Importer(815301076,1909f56bfc062723c751e8b465ee728b)
Start importing Assets/Prefabs/Buildings/Tower.prefab using Guid(1a57ccf72e6c446f1835b272b1d201f0) Importer(815301076,1909f56bfc062723c751e8b465ee728b)  -> (artifact id: '73f6484cb5c0e4dbb1e790cf35e9bcc9') in 0.008130 seconds 
  Import took 0.011118 seconds .

========================================================================
Received Import Request.
  Time since last request: 0.000201 seconds.
  path: Assets/Prefabs/Buildings/Gate.prefab
  artifactKey: Guid(bd526ebc0e352403d8b0c66f0c8e9b85) Importer(815301076,1909f56bfc062723c751e8b465ee728b)
Start importing Assets/Prefabs/Buildings/Gate.prefab using Guid(bd526ebc0e352403d8b0c66f0c8e9b85) Importer(815301076,1909f56bfc062723c751e8b465ee728b)  -> (artifact id: '5bc67ac0f60b653010dfa853a906ba48') in 0.009777 seconds 
  Import took 0.012219 seconds .

========================================================================
Received Import Request.
  Time since last request: 10.724476 seconds.
  path: Assets/Prefabs/Buildings/Barracks.prefab
  artifactKey: Guid(3f52e74d04ad949fb9663f48f017fe53) Importer(815301076,1909f56bfc062723c751e8b465ee728b)
Start importing Assets/Prefabs/Buildings/Barracks.prefab using Guid(3f52e74d04ad949fb9663f48f017fe53) Importer(815301076,1909f56bfc062723c751e8b465ee728b)  -> (artifact id: '687e7cd5bde1bffa883ba55a0cf1836c') in 0.007692 seconds 
  Import took 0.010842 seconds .

========================================================================
Received Import Request.
  Time since last request: 17.560817 seconds.
  path: Assets/Prefabs/Buildings/Barracks.prefab
  artifactKey: Guid(3f52e74d04ad949fb9663f48f017fe53) Importer(815301076,1909f56bfc062723c751e8b465ee728b)
Start importing Assets/Prefabs/Buildings/Barracks.prefab using Guid(3f52e74d04ad949fb9663f48f017fe53) Importer(815301076,1909f56bfc062723c751e8b465ee728b)  -> (artifact id: '1a2491c3c36d9d8bb1bcf4a0250f4280') in 0.007106 seconds 
  Import took 0.010214 seconds .

========================================================================
Received Import Request.
  Time since last request: 2.929608 seconds.
  path: Assets/Prefabs/Buildings/Barracks.prefab
  artifactKey: Guid(3f52e74d04ad949fb9663f48f017fe53) Importer(815301076,1909f56bfc062723c751e8b465ee728b)
Start importing Assets/Prefabs/Buildings/Barracks.prefab using Guid(3f52e74d04ad949fb9663f48f017fe53) Importer(815301076,1909f56bfc062723c751e8b465ee728b)  -> (artifact id: 'f3960b46164c50755b495f10cd3602a1') in 0.006331 seconds 
  Import took 0.009350 seconds .

========================================================================
Received Import Request.
  Time since last request: 2.144138 seconds.
  path: Assets/Prefabs/Buildings/Barracks.prefab
  artifactKey: Guid(3f52e74d04ad949fb9663f48f017fe53) Importer(815301076,1909f56bfc062723c751e8b465ee728b)
Start importing Assets/Prefabs/Buildings/Barracks.prefab using Guid(3f52e74d04ad949fb9663f48f017fe53) Importer(815301076,1909f56bfc062723c751e8b465ee728b)  -> (artifact id: '61276d52e53cfdc9297629b426978554') in 0.006188 seconds 
  Import took 0.008967 seconds .

========================================================================
Received Import Request.
  Time since last request: 18.399687 seconds.
  path: Assets/Prefabs/Buildings/Castle.prefab
  artifactKey: Guid(976cc182bbe5e4a4285b5f0bc93ccb6b) Importer(815301076,1909f56bfc062723c751e8b465ee728b)
Start importing Assets/Prefabs/Buildings/Castle.prefab using Guid(976cc182bbe5e4a4285b5f0bc93ccb6b) Importer(815301076,1909f56bfc062723c751e8b465ee728b)  -> (artifact id: '2da02c0c170f8ad38514a0e841466f93') in 0.036160 seconds 
  Import took 0.039644 seconds .

========================================================================
Received Import Request.
  Time since last request: 10.723498 seconds.
  path: Assets/Prefabs/Buildings/Castle.prefab
  artifactKey: Guid(976cc182bbe5e4a4285b5f0bc93ccb6b) Importer(815301076,1909f56bfc062723c751e8b465ee728b)
Start importing Assets/Prefabs/Buildings/Castle.prefab using Guid(976cc182bbe5e4a4285b5f0bc93ccb6b) Importer(815301076,1909f56bfc062723c751e8b465ee728b)  -> (artifact id: '0fa58a682b50ea061e3f6f1794e300a1') in 0.025146 seconds 
  Import took 0.028657 seconds .

========================================================================
Received Import Request.
  Time since last request: 3.078942 seconds.
  path: Assets/Prefabs/Buildings/Castle.prefab
  artifactKey: Guid(976cc182bbe5e4a4285b5f0bc93ccb6b) Importer(815301076,1909f56bfc062723c751e8b465ee728b)
Start importing Assets/Prefabs/Buildings/Castle.prefab using Guid(976cc182bbe5e4a4285b5f0bc93ccb6b) Importer(815301076,1909f56bfc062723c751e8b465ee728b)  -> (artifact id: '8c1eb177a45534bb9a99264f7440ab09') in 0.018437 seconds 
  Import took 0.021565 seconds .

========================================================================
Received Import Request.
  Time since last request: 2.098126 seconds.
  path: Assets/Prefabs/Buildings/Castle.prefab
  artifactKey: Guid(976cc182bbe5e4a4285b5f0bc93ccb6b) Importer(815301076,1909f56bfc062723c751e8b465ee728b)
Start importing Assets/Prefabs/Buildings/Castle.prefab using Guid(976cc182bbe5e4a4285b5f0bc93ccb6b) Importer(815301076,1909f56bfc062723c751e8b465ee728b)  -> (artifact id: '6a634bb691888723accc12ef7357b998') in 0.018403 seconds 
  Import took 0.021339 seconds .

========================================================================
Received Import Request.
  Time since last request: 11.730537 seconds.
  path: Assets/Prefabs/Buildings/Gate.prefab
  artifactKey: Guid(bd526ebc0e352403d8b0c66f0c8e9b85) Importer(815301076,1909f56bfc062723c751e8b465ee728b)
Start importing Assets/Prefabs/Buildings/Gate.prefab using Guid(bd526ebc0e352403d8b0c66f0c8e9b85) Importer(815301076,1909f56bfc062723c751e8b465ee728b)  -> (artifact id: '2d5555c224723f19099419cdd662666d') in 0.008566 seconds 
  Import took 0.012353 seconds .

========================================================================
Received Import Request.
  Time since last request: 12.136421 seconds.
  path: Assets/Prefabs/Buildings/Gate.prefab
  artifactKey: Guid(bd526ebc0e352403d8b0c66f0c8e9b85) Importer(815301076,1909f56bfc062723c751e8b465ee728b)
Start importing Assets/Prefabs/Buildings/Gate.prefab using Guid(bd526ebc0e352403d8b0c66f0c8e9b85) Importer(815301076,1909f56bfc062723c751e8b465ee728b)  -> (artifact id: '5e90d9e56269a9e40017b4243d6a82da') in 0.007171 seconds 
  Import took 0.010160 seconds .

========================================================================
Received Import Request.
  Time since last request: 2.858140 seconds.
  path: Assets/Prefabs/Buildings/Gate.prefab
  artifactKey: Guid(bd526ebc0e352403d8b0c66f0c8e9b85) Importer(815301076,1909f56bfc062723c751e8b465ee728b)
Start importing Assets/Prefabs/Buildings/Gate.prefab using Guid(bd526ebc0e352403d8b0c66f0c8e9b85) Importer(815301076,1909f56bfc062723c751e8b465ee728b)  -> (artifact id: '4dbcbcf7a4fd410bdc6fe31fcdb603ad') in 0.006462 seconds 
  Import took 0.009288 seconds .

========================================================================
Received Import Request.
  Time since last request: 3.360018 seconds.
  path: Assets/Prefabs/Buildings/Gate.prefab
  artifactKey: Guid(bd526ebc0e352403d8b0c66f0c8e9b85) Importer(815301076,1909f56bfc062723c751e8b465ee728b)
Start importing Assets/Prefabs/Buildings/Gate.prefab using Guid(bd526ebc0e352403d8b0c66f0c8e9b85) Importer(815301076,1909f56bfc062723c751e8b465ee728b)  -> (artifact id: 'a250b60d4d17d84174ad8195a9441ea8') in 0.006766 seconds 
  Import took 0.009654 seconds .

========================================================================
Received Import Request.
  Time since last request: 9.453218 seconds.
  path: Assets/Prefabs/Buildings/Smithy.prefab
  artifactKey: Guid(45a0bcccd5f004dae82c9a5ea7e1610c) Importer(815301076,1909f56bfc062723c751e8b465ee728b)
Start importing Assets/Prefabs/Buildings/Smithy.prefab using Guid(45a0bcccd5f004dae82c9a5ea7e1610c) Importer(815301076,1909f56bfc062723c751e8b465ee728b)  -> (artifact id: 'dae4a28a03b3029f1b387d8b244202da') in 0.006969 seconds 
  Import took 0.010213 seconds .

========================================================================
Received Import Request.
  Time since last request: 8.932683 seconds.
  path: Assets/Prefabs/Buildings/Smithy.prefab
  artifactKey: Guid(45a0bcccd5f004dae82c9a5ea7e1610c) Importer(815301076,1909f56bfc062723c751e8b465ee728b)
Start importing Assets/Prefabs/Buildings/Smithy.prefab using Guid(45a0bcccd5f004dae82c9a5ea7e1610c) Importer(815301076,1909f56bfc062723c751e8b465ee728b)  -> (artifact id: '42f2923e54158911b47ccbde90ea49ae') in 0.008078 seconds 
  Import took 0.011025 seconds .

========================================================================
Received Import Request.
  Time since last request: 3.197498 seconds.
  path: Assets/Prefabs/Buildings/Smithy.prefab
  artifactKey: Guid(45a0bcccd5f004dae82c9a5ea7e1610c) Importer(815301076,1909f56bfc062723c751e8b465ee728b)
Start importing Assets/Prefabs/Buildings/Smithy.prefab using Guid(45a0bcccd5f004dae82c9a5ea7e1610c) Importer(815301076,1909f56bfc062723c751e8b465ee728b)  -> (artifact id: 'aaec2dbf16c3bf68c1050d8804fccb6d') in 0.006932 seconds 
  Import took 0.010021 seconds .

========================================================================
Received Import Request.
  Time since last request: 2.385819 seconds.
  path: Assets/Prefabs/Buildings/Smithy.prefab
  artifactKey: Guid(45a0bcccd5f004dae82c9a5ea7e1610c) Importer(815301076,1909f56bfc062723c751e8b465ee728b)
Start importing Assets/Prefabs/Buildings/Smithy.prefab using Guid(45a0bcccd5f004dae82c9a5ea7e1610c) Importer(815301076,1909f56bfc062723c751e8b465ee728b)  -> (artifact id: '517d4b471689449999336201174bd9f7') in 0.006518 seconds 
  Import took 0.009469 seconds .

========================================================================
Received Import Request.
  Time since last request: 9.042614 seconds.
  path: Assets/Prefabs/Buildings/Store.prefab
  artifactKey: Guid(696912db56790482d97bd1506d97d5d1) Importer(815301076,1909f56bfc062723c751e8b465ee728b)
Start importing Assets/Prefabs/Buildings/Store.prefab using Guid(696912db56790482d97bd1506d97d5d1) Importer(815301076,1909f56bfc062723c751e8b465ee728b)  -> (artifact id: '1e4c1da23fe16ef7662ee3de225e543e') in 0.007517 seconds 
  Import took 0.010568 seconds .

========================================================================
Received Import Request.
  Time since last request: 2.217272 seconds.
  path: Assets/Prefabs/Buildings/Store.prefab
  artifactKey: Guid(696912db56790482d97bd1506d97d5d1) Importer(815301076,1909f56bfc062723c751e8b465ee728b)
Start importing Assets/Prefabs/Buildings/Store.prefab using Guid(696912db56790482d97bd1506d97d5d1) Importer(815301076,1909f56bfc062723c751e8b465ee728b)  -> (artifact id: '26afb0c34a44f9abde65d6f235b65f26') in 0.006358 seconds 
  Import took 0.009218 seconds .

========================================================================
Received Import Request.
  Time since last request: 11.190829 seconds.
  path: Assets/Prefabs/Buildings/Store.prefab
  artifactKey: Guid(696912db56790482d97bd1506d97d5d1) Importer(815301076,1909f56bfc062723c751e8b465ee728b)
Start importing Assets/Prefabs/Buildings/Store.prefab using Guid(696912db56790482d97bd1506d97d5d1) Importer(815301076,1909f56bfc062723c751e8b465ee728b)  -> (artifact id: '6094762c0346ca0cdf7f7c0898b4c46f') in 0.006733 seconds 
  Import took 0.010036 seconds .

========================================================================
Received Import Request.
  Time since last request: 5.487998 seconds.
  path: Assets/Prefabs/Buildings/Tower.prefab
  artifactKey: Guid(1a57ccf72e6c446f1835b272b1d201f0) Importer(815301076,1909f56bfc062723c751e8b465ee728b)
Start importing Assets/Prefabs/Buildings/Tower.prefab using Guid(1a57ccf72e6c446f1835b272b1d201f0) Importer(815301076,1909f56bfc062723c751e8b465ee728b)  -> (artifact id: '60e84fdff4595d27312dcdd1bbd75768') in 0.006602 seconds 
  Import took 0.009788 seconds .

========================================================================
Received Import Request.
  Time since last request: 5.241548 seconds.
  path: Assets/Prefabs/Buildings/Tower.prefab
  artifactKey: Guid(1a57ccf72e6c446f1835b272b1d201f0) Importer(815301076,1909f56bfc062723c751e8b465ee728b)
Start importing Assets/Prefabs/Buildings/Tower.prefab using Guid(1a57ccf72e6c446f1835b272b1d201f0) Importer(815301076,1909f56bfc062723c751e8b465ee728b)  -> (artifact id: '9134038a75b6e5a86f315260808e61d0') in 0.006436 seconds 
  Import took 0.009348 seconds .

========================================================================
Received Import Request.
  Time since last request: 2.537691 seconds.
  path: Assets/Prefabs/Buildings/Tower.prefab
  artifactKey: Guid(1a57ccf72e6c446f1835b272b1d201f0) Importer(815301076,1909f56bfc062723c751e8b465ee728b)
Start importing Assets/Prefabs/Buildings/Tower.prefab using Guid(1a57ccf72e6c446f1835b272b1d201f0) Importer(815301076,1909f56bfc062723c751e8b465ee728b)  -> (artifact id: 'a33ce1ec676ff69323ed18beb3a19a21') in 0.006314 seconds 
  Import took 0.009300 seconds .

========================================================================
Received Import Request.
  Time since last request: 1.920040 seconds.
  path: Assets/Prefabs/Buildings/Tower.prefab
  artifactKey: Guid(1a57ccf72e6c446f1835b272b1d201f0) Importer(815301076,1909f56bfc062723c751e8b465ee728b)
Start importing Assets/Prefabs/Buildings/Tower.prefab using Guid(1a57ccf72e6c446f1835b272b1d201f0) Importer(815301076,1909f56bfc062723c751e8b465ee728b)  -> (artifact id: '659e463cf6f7f03cc9e0a5bea8b9f85d') in 0.006513 seconds 
  Import took 0.009455 seconds .

========================================================================
Received Import Request.
  Time since last request: 7.749722 seconds.
  path: Assets/Prefabs/Buildings/Wall.prefab
  artifactKey: Guid(1e528853166c74a45911f4ea9bf840c8) Importer(815301076,1909f56bfc062723c751e8b465ee728b)
Start importing Assets/Prefabs/Buildings/Wall.prefab using Guid(1e528853166c74a45911f4ea9bf840c8) Importer(815301076,1909f56bfc062723c751e8b465ee728b)  -> (artifact id: 'b794da059c8430ce3e88ba55e2d9b19c') in 0.006517 seconds 
  Import took 0.009547 seconds .

========================================================================
Received Import Request.
  Time since last request: 19.201043 seconds.
  path: Assets/Prefabs/Buildings/Wall.prefab
  artifactKey: Guid(1e528853166c74a45911f4ea9bf840c8) Importer(815301076,1909f56bfc062723c751e8b465ee728b)
Start importing Assets/Prefabs/Buildings/Wall.prefab using Guid(1e528853166c74a45911f4ea9bf840c8) Importer(815301076,1909f56bfc062723c751e8b465ee728b)  -> (artifact id: '965f344658b10ffde461943f69643505') in 0.007503 seconds 
  Import took 0.011225 seconds .

========================================================================
Received Import Request.
  Time since last request: 2.622357 seconds.
  path: Assets/Prefabs/Buildings/Wall.prefab
  artifactKey: Guid(1e528853166c74a45911f4ea9bf840c8) Importer(815301076,1909f56bfc062723c751e8b465ee728b)
Start importing Assets/Prefabs/Buildings/Wall.prefab using Guid(1e528853166c74a45911f4ea9bf840c8) Importer(815301076,1909f56bfc062723c751e8b465ee728b)  -> (artifact id: '9d5ebcae9b24e4675d7302f9d38faf66') in 0.007677 seconds 
  Import took 0.010937 seconds .

========================================================================
Received Import Request.
  Time since last request: 1.934371 seconds.
  path: Assets/Prefabs/Buildings/Wall.prefab
  artifactKey: Guid(1e528853166c74a45911f4ea9bf840c8) Importer(815301076,1909f56bfc062723c751e8b465ee728b)
Start importing Assets/Prefabs/Buildings/Wall.prefab using Guid(1e528853166c74a45911f4ea9bf840c8) Importer(815301076,1909f56bfc062723c751e8b465ee728b)  -> (artifact id: '2f97e1350cf6d4f4e393ed6dc67b2f35') in 0.007045 seconds 
  Import took 0.010227 seconds .

========================================================================
Received Import Request.
  Time since last request: 14.960602 seconds.
  path: Assets/Prefabs/MiningResources/Food.prefab
  artifactKey: Guid(7e6e0de79efea4bbaba99d46d90d4caf) Importer(815301076,1909f56bfc062723c751e8b465ee728b)
Start importing Assets/Prefabs/MiningResources/Food.prefab using Guid(7e6e0de79efea4bbaba99d46d90d4caf) Importer(815301076,1909f56bfc062723c751e8b465ee728b)  -> (artifact id: '4e05c57600a1b1ae94281151a2c5cead') in 0.016886 seconds 
  Import took 0.019717 seconds .

========================================================================
Received Import Request.
  Time since last request: 0.000161 seconds.
  path: Assets/Prefabs/MiningResources/Stone.prefab
  artifactKey: Guid(ce3faaebd0cd743749357406a1ca1b9e) Importer(815301076,1909f56bfc062723c751e8b465ee728b)
Start importing Assets/Prefabs/MiningResources/Stone.prefab using Guid(ce3faaebd0cd743749357406a1ca1b9e) Importer(815301076,1909f56bfc062723c751e8b465ee728b)  -> (artifact id: '7833f982a03b60cc4851515c58628d75') in 0.009426 seconds 
  Import took 0.011940 seconds .

========================================================================
Received Import Request.
  Time since last request: 0.006700 seconds.
  path: Assets/Prefabs/MiningResources/Iron.prefab
  artifactKey: Guid(a008b690d94224598add1d335d416117) Importer(815301076,1909f56bfc062723c751e8b465ee728b)
Start importing Assets/Prefabs/MiningResources/Iron.prefab using Guid(a008b690d94224598add1d335d416117) Importer(815301076,1909f56bfc062723c751e8b465ee728b)  -> (artifact id: '52dd9fdfd767f0fbff94ad5c470419ec') in 0.010741 seconds 
  Import took 0.013980 seconds .

========================================================================
Received Import Request.
  Time since last request: 0.000238 seconds.
  path: Assets/Prefabs/MiningResources/Wood.prefab
  artifactKey: Guid(c93f470d1fb3a405d8248b340129a6e2) Importer(815301076,1909f56bfc062723c751e8b465ee728b)
Start importing Assets/Prefabs/MiningResources/Wood.prefab using Guid(c93f470d1fb3a405d8248b340129a6e2) Importer(815301076,1909f56bfc062723c751e8b465ee728b)  -> (artifact id: '69fa009129181b124161cc717390b1f0') in 0.009412 seconds 
  Import took 0.012028 seconds .

========================================================================
Received Import Request.
  Time since last request: 6.452700 seconds.
  path: Assets/Prefabs/MiningResources/Food.prefab
  artifactKey: Guid(7e6e0de79efea4bbaba99d46d90d4caf) Importer(815301076,1909f56bfc062723c751e8b465ee728b)
Start importing Assets/Prefabs/MiningResources/Food.prefab using Guid(7e6e0de79efea4bbaba99d46d90d4caf) Importer(815301076,1909f56bfc062723c751e8b465ee728b)  -> (artifact id: 'fd9641380f26d2da38a97c0a6b44a18b') in 0.007931 seconds 
  Import took 0.010957 seconds .

========================================================================
Received Import Request.
  Time since last request: 5.240473 seconds.
  path: Assets/Prefabs/MiningResources/Food.prefab
  artifactKey: Guid(7e6e0de79efea4bbaba99d46d90d4caf) Importer(815301076,1909f56bfc062723c751e8b465ee728b)
Start importing Assets/Prefabs/MiningResources/Food.prefab using Guid(7e6e0de79efea4bbaba99d46d90d4caf) Importer(815301076,1909f56bfc062723c751e8b465ee728b)  -> (artifact id: 'bc937e74ff0371745507c4db7ca5704b') in 0.007828 seconds 
  Import took 0.010711 seconds .

========================================================================
Received Import Request.
  Time since last request: 2.448144 seconds.
  path: Assets/Prefabs/MiningResources/Food.prefab
  artifactKey: Guid(7e6e0de79efea4bbaba99d46d90d4caf) Importer(815301076,1909f56bfc062723c751e8b465ee728b)
Start importing Assets/Prefabs/MiningResources/Food.prefab using Guid(7e6e0de79efea4bbaba99d46d90d4caf) Importer(815301076,1909f56bfc062723c751e8b465ee728b)  -> (artifact id: '36f361f14c023a61c73540de8b48c748') in 0.006828 seconds 
  Import took 0.009717 seconds .

========================================================================
Received Import Request.
  Time since last request: 5.459054 seconds.
  path: Assets/Prefabs/MiningResources/Food.prefab
  artifactKey: Guid(7e6e0de79efea4bbaba99d46d90d4caf) Importer(815301076,1909f56bfc062723c751e8b465ee728b)
Start importing Assets/Prefabs/MiningResources/Food.prefab using Guid(7e6e0de79efea4bbaba99d46d90d4caf) Importer(815301076,1909f56bfc062723c751e8b465ee728b)  -> (artifact id: '677147072607cf28f0afab2d1f10283d') in 0.007583 seconds 
  Import took 0.010417 seconds .

========================================================================
Received Import Request.
  Time since last request: 7.087962 seconds.
  path: Assets/Prefabs/MiningResources/Iron.prefab
  artifactKey: Guid(a008b690d94224598add1d335d416117) Importer(815301076,1909f56bfc062723c751e8b465ee728b)
Start importing Assets/Prefabs/MiningResources/Iron.prefab using Guid(a008b690d94224598add1d335d416117) Importer(815301076,1909f56bfc062723c751e8b465ee728b)  -> (artifact id: '471b22f536ed167888e4a07a80a82624') in 0.006680 seconds 
  Import took 0.009620 seconds .

========================================================================
Received Import Request.
  Time since last request: 6.048314 seconds.
  path: Assets/Prefabs/MiningResources/Iron.prefab
  artifactKey: Guid(a008b690d94224598add1d335d416117) Importer(815301076,1909f56bfc062723c751e8b465ee728b)
Start importing Assets/Prefabs/MiningResources/Iron.prefab using Guid(a008b690d94224598add1d335d416117) Importer(815301076,1909f56bfc062723c751e8b465ee728b)  -> (artifact id: '1897ec2a3d26d7ff18e8f05036c3e93e') in 0.008679 seconds 
  Import took 0.011846 seconds .

========================================================================
Received Import Request.
  Time since last request: 2.343559 seconds.
  path: Assets/Prefabs/MiningResources/Iron.prefab
  artifactKey: Guid(a008b690d94224598add1d335d416117) Importer(815301076,1909f56bfc062723c751e8b465ee728b)
Start importing Assets/Prefabs/MiningResources/Iron.prefab using Guid(a008b690d94224598add1d335d416117) Importer(815301076,1909f56bfc062723c751e8b465ee728b)  -> (artifact id: '94226354d2bc0d2a60192d2596d05ef4') in 0.006975 seconds 
  Import took 0.009841 seconds .

========================================================================
Received Import Request.
  Time since last request: 2.627881 seconds.
  path: Assets/Prefabs/MiningResources/Iron.prefab
  artifactKey: Guid(a008b690d94224598add1d335d416117) Importer(815301076,1909f56bfc062723c751e8b465ee728b)
Start importing Assets/Prefabs/MiningResources/Iron.prefab using Guid(a008b690d94224598add1d335d416117) Importer(815301076,1909f56bfc062723c751e8b465ee728b)  -> (artifact id: 'baa13e5453a71724de9717e85e0f738d') in 0.006116 seconds 
  Import took 0.008880 seconds .

========================================================================
Received Import Request.
  Time since last request: 7.695165 seconds.
  path: Assets/Prefabs/MiningResources/Stone.prefab
  artifactKey: Guid(ce3faaebd0cd743749357406a1ca1b9e) Importer(815301076,1909f56bfc062723c751e8b465ee728b)
Start importing Assets/Prefabs/MiningResources/Stone.prefab using Guid(ce3faaebd0cd743749357406a1ca1b9e) Importer(815301076,1909f56bfc062723c751e8b465ee728b)  -> (artifact id: 'c6e178ce81ff947c03eeec04a262af3e') in 0.006655 seconds 
  Import took 0.009742 seconds .

========================================================================
Received Import Request.
  Time since last request: 6.852312 seconds.
  path: Assets/Prefabs/MiningResources/Stone.prefab
  artifactKey: Guid(ce3faaebd0cd743749357406a1ca1b9e) Importer(815301076,1909f56bfc062723c751e8b465ee728b)
Start importing Assets/Prefabs/MiningResources/Stone.prefab using Guid(ce3faaebd0cd743749357406a1ca1b9e) Importer(815301076,1909f56bfc062723c751e8b465ee728b)  -> (artifact id: '02a96bbae02c72455ad6e9b0ee6b36c2') in 0.006951 seconds 
  Import took 0.010510 seconds .

========================================================================
Received Import Request.
  Time since last request: 3.664092 seconds.
  path: Assets/Prefabs/MiningResources/Stone.prefab
  artifactKey: Guid(ce3faaebd0cd743749357406a1ca1b9e) Importer(815301076,1909f56bfc062723c751e8b465ee728b)
Start importing Assets/Prefabs/MiningResources/Stone.prefab using Guid(ce3faaebd0cd743749357406a1ca1b9e) Importer(815301076,1909f56bfc062723c751e8b465ee728b)  -> (artifact id: 'bb9f5e5c0008d88acb02bd2968dc65ca') in 0.006926 seconds 
  Import took 0.009971 seconds .

========================================================================
Received Import Request.
  Time since last request: 1.829635 seconds.
  path: Assets/Prefabs/MiningResources/Stone.prefab
  artifactKey: Guid(ce3faaebd0cd743749357406a1ca1b9e) Importer(815301076,1909f56bfc062723c751e8b465ee728b)
Start importing Assets/Prefabs/MiningResources/Stone.prefab using Guid(ce3faaebd0cd743749357406a1ca1b9e) Importer(815301076,1909f56bfc062723c751e8b465ee728b)  -> (artifact id: '56079bc2dc3aafdcc9e9d3d5c7bc7259') in 0.007193 seconds 
  Import took 0.010256 seconds .

========================================================================
Received Import Request.
  Time since last request: 7.514617 seconds.
  path: Assets/Prefabs/MiningResources/Wood.prefab
  artifactKey: Guid(c93f470d1fb3a405d8248b340129a6e2) Importer(815301076,1909f56bfc062723c751e8b465ee728b)
Start importing Assets/Prefabs/MiningResources/Wood.prefab using Guid(c93f470d1fb3a405d8248b340129a6e2) Importer(815301076,1909f56bfc062723c751e8b465ee728b)  -> (artifact id: 'f257657ddcb8aa1d7631c2fff355b94d') in 0.008014 seconds 
  Import took 0.011071 seconds .

========================================================================
Received Import Request.
  Time since last request: 5.700912 seconds.
  path: Assets/Prefabs/MiningResources/Wood.prefab
  artifactKey: Guid(c93f470d1fb3a405d8248b340129a6e2) Importer(815301076,1909f56bfc062723c751e8b465ee728b)
Start importing Assets/Prefabs/MiningResources/Wood.prefab using Guid(c93f470d1fb3a405d8248b340129a6e2) Importer(815301076,1909f56bfc062723c751e8b465ee728b)  -> (artifact id: '4fd79a19d39c2a84172e92453f8cfd2c') in 0.007052 seconds 
  Import took 0.010303 seconds .

========================================================================
Received Import Request.
  Time since last request: 2.368177 seconds.
  path: Assets/Prefabs/MiningResources/Wood.prefab
  artifactKey: Guid(c93f470d1fb3a405d8248b340129a6e2) Importer(815301076,1909f56bfc062723c751e8b465ee728b)
Start importing Assets/Prefabs/MiningResources/Wood.prefab using Guid(c93f470d1fb3a405d8248b340129a6e2) Importer(815301076,1909f56bfc062723c751e8b465ee728b)  -> (artifact id: '591351a03990537b1ba7163fe23fca79') in 0.009184 seconds 
  Import took 0.012317 seconds .

========================================================================
Received Import Request.
  Time since last request: 1.481796 seconds.
  path: Assets/Prefabs/MiningResources/Wood.prefab
  artifactKey: Guid(c93f470d1fb3a405d8248b340129a6e2) Importer(815301076,1909f56bfc062723c751e8b465ee728b)
Start importing Assets/Prefabs/MiningResources/Wood.prefab using Guid(c93f470d1fb3a405d8248b340129a6e2) Importer(815301076,1909f56bfc062723c751e8b465ee728b)  -> (artifact id: 'a5905fdaffb8e4ee0a89d9142f9de541') in 0.006985 seconds 
  Import took 0.010084 seconds .

========================================================================
Received Prepare
Registering precompiled user dll's ...
Registered in 0.002416 seconds.
Begin MonoManager ReloadAssembly
Native extension for WindowsStandalone target not found
Native extension for OSXStandalone target not found
Refreshing native plugins compatible for Editor in 0.36 ms, found 2 plugins.
Preloading 0 native plugins for Editor in 0.00 ms.
2023-03-20 13:00:55.347 Unity[90010:8501984] NSEventModifierFlagFunction specified to -setKeyEquivalentModifierMask: for item <NSMenuItem: 0x7fc82c2856d0 Font Asset, ke='Command-F12'>, but is only supported for system-provided menu items; will not be used
Mono: successfully reloaded assembly
- Completed reload, in  1.265 seconds
Domain Reload Profiling:
	ReloadAssembly (1268ms)
		BeginReloadAssembly (202ms)
			ExecutionOrderSort (0ms)
			DisableScriptedObjects (14ms)
			BackupInstance (0ms)
			ReleaseScriptingObjects (0ms)
			CreateAndSetChildDomain (119ms)
		EndReloadAssembly (999ms)
			LoadAssemblies (79ms)
			RebuildTransferFunctionScriptingTraits (0ms)
			SetupTypeCache (336ms)
			ReleaseScriptCaches (1ms)
			RebuildScriptCaches (52ms)
			SetupLoadedEditorAssemblies (336ms)
				LogAssemblyErrors (0ms)
				InitializePlatformSupportModulesInManaged (6ms)
				SetLoadedEditorAssemblies (1ms)
				RefreshPlugins (0ms)
				BeforeProcessingInitializeOnLoad (106ms)
				ProcessInitializeOnLoadAttributes (211ms)
				ProcessInitializeOnLoadMethodAttributes (11ms)
				AfterProcessingInitializeOnLoad (1ms)
				EditorAssembliesLoaded (0ms)
			ExecutionOrderSort2 (0ms)
			AwakeInstancesAfterBackupRestoration (50ms)
Platform modules already initialized, skipping
Refreshing native plugins compatible for Editor in 0.37 ms, found 2 plugins.
Preloading 0 native plugins for Editor in 0.00 ms.
Unloading 2010 Unused Serialized files (Serialized files now loaded: 0)
System memory in use before: 188.1 MB.
System memory in use after: 188.2 MB.

Unloading 15 unused Assets to reduce memory usage. Loaded Objects now: 2540.
Total: 2.993360 ms (FindLiveObjects: 0.179601 ms CreateObjectMapping: 0.079479 ms MarkObjects: 2.695934 ms  DeleteObjects: 0.037518 ms)

AssetImportParameters requested are different than current active one (requested -> active):
  custom:video-decoder-ogg-theora: a1e56fd34408186e4bbccfd4996cb3dc -> 
  custom:container-muxer-webm: aa71ff27fc2769a1b78a27578f13a17b -> 
  custom:container-demuxer-webm: 4f35f7cbe854078d1ac9338744f61a02 -> 
  custom:container-demuxer-ogg: 62fdf1f143b41e24485cea50d1cbac27 -> 
  custom:video-encoder-webm-vp8: eb34c28f22e8b96e1ab97ce403110664 -> 
  custom:framework-osx-AVFoundation: e770b220cccbd017edd2c1fefb359320 -> 
  custom:video-decoder-webm-vp8: 9c59270c3fd7afecdb556c50c9e8de78 -> 
  custom:audio-decoder-ogg-vorbis: bf7c407c2cedff20999df2af8eb42d56 -> 
  custom:audio-encoder-webm-vorbis: bf7c407c2cedff20999df2af8eb42d56 -> 
========================================================================
Received Prepare
Registering precompiled user dll's ...
Registered in 0.005636 seconds.
Begin MonoManager ReloadAssembly
Native extension for WindowsStandalone target not found
Native extension for OSXStandalone target not found
Refreshing native plugins compatible for Editor in 0.35 ms, found 2 plugins.
Preloading 0 native plugins for Editor in 0.00 ms.
2023-03-20 13:04:22.511 Unity[90010:8501984] NSEventModifierFlagFunction specified to -setKeyEquivalentModifierMask: for item <NSMenuItem: 0x7fc82c4b35c0 Font Asset, ke='Command-F12'>, but is only supported for system-provided menu items; will not be used
Mono: successfully reloaded assembly
- Completed reload, in  1.174 seconds
Domain Reload Profiling:
	ReloadAssembly (1174ms)
		BeginReloadAssembly (126ms)
			ExecutionOrderSort (0ms)
			DisableScriptedObjects (6ms)
			BackupInstance (0ms)
			ReleaseScriptingObjects (0ms)
			CreateAndSetChildDomain (69ms)
		EndReloadAssembly (984ms)
			LoadAssemblies (91ms)
			RebuildTransferFunctionScriptingTraits (0ms)
			SetupTypeCache (330ms)
			ReleaseScriptCaches (1ms)
			RebuildScriptCaches (51ms)
			SetupLoadedEditorAssemblies (319ms)
				LogAssemblyErrors (0ms)
				InitializePlatformSupportModulesInManaged (5ms)
				SetLoadedEditorAssemblies (1ms)
				RefreshPlugins (0ms)
				BeforeProcessingInitializeOnLoad (99ms)
				ProcessInitializeOnLoadAttributes (200ms)
				ProcessInitializeOnLoadMethodAttributes (13ms)
				AfterProcessingInitializeOnLoad (2ms)
				EditorAssembliesLoaded (1ms)
			ExecutionOrderSort2 (0ms)
			AwakeInstancesAfterBackupRestoration (48ms)
Platform modules already initialized, skipping
Refreshing native plugins compatible for Editor in 0.36 ms, found 2 plugins.
Preloading 0 native plugins for Editor in 0.00 ms.
Unloading 2010 Unused Serialized files (Serialized files now loaded: 0)
System memory in use before: 188.2 MB.
System memory in use after: 188.4 MB.

Unloading 14 unused Assets to reduce memory usage. Loaded Objects now: 2542.
Total: 3.719639 ms (FindLiveObjects: 0.146412 ms CreateObjectMapping: 0.075767 ms MarkObjects: 3.478102 ms  DeleteObjects: 0.018666 ms)

AssetImportParameters requested are different than current active one (requested -> active):
  custom:video-decoder-ogg-theora: a1e56fd34408186e4bbccfd4996cb3dc -> 
  custom:container-muxer-webm: aa71ff27fc2769a1b78a27578f13a17b -> 
  custom:container-demuxer-webm: 4f35f7cbe854078d1ac9338744f61a02 -> 
  custom:container-demuxer-ogg: 62fdf1f143b41e24485cea50d1cbac27 -> 
  custom:video-encoder-webm-vp8: eb34c28f22e8b96e1ab97ce403110664 -> 
  custom:framework-osx-AVFoundation: e770b220cccbd017edd2c1fefb359320 -> 
  custom:video-decoder-webm-vp8: 9c59270c3fd7afecdb556c50c9e8de78 -> 
  custom:audio-decoder-ogg-vorbis: bf7c407c2cedff20999df2af8eb42d56 -> 
  custom:audio-encoder-webm-vorbis: bf7c407c2cedff20999df2af8eb42d56 -> 
========================================================================
Received Prepare
Registering precompiled user dll's ...
Registered in 0.005251 seconds.
Begin MonoManager ReloadAssembly
Native extension for WindowsStandalone target not found
Native extension for OSXStandalone target not found
Refreshing native plugins compatible for Editor in 0.37 ms, found 2 plugins.
Preloading 0 native plugins for Editor in 0.00 ms.
2023-03-20 13:04:42.325 Unity[90010:8501984] NSEventModifierFlagFunction specified to -setKeyEquivalentModifierMask: for item <NSMenuItem: 0x7fc82c2a7950 Font Asset, ke='Command-F12'>, but is only supported for system-provided menu items; will not be used
Mono: successfully reloaded assembly
- Completed reload, in  1.419 seconds
Domain Reload Profiling:
	ReloadAssembly (1420ms)
		BeginReloadAssembly (140ms)
			ExecutionOrderSort (0ms)
			DisableScriptedObjects (5ms)
			BackupInstance (0ms)
			ReleaseScriptingObjects (0ms)
			CreateAndSetChildDomain (76ms)
		EndReloadAssembly (1190ms)
			LoadAssemblies (159ms)
			RebuildTransferFunctionScriptingTraits (0ms)
			SetupTypeCache (401ms)
			ReleaseScriptCaches (1ms)
			RebuildScriptCaches (58ms)
			SetupLoadedEditorAssemblies (332ms)
				LogAssemblyErrors (0ms)
				InitializePlatformSupportModulesInManaged (5ms)
				SetLoadedEditorAssemblies (1ms)
				RefreshPlugins (0ms)
				BeforeProcessingInitializeOnLoad (107ms)
				ProcessInitializeOnLoadAttributes (206ms)
				ProcessInitializeOnLoadMethodAttributes (12ms)
				AfterProcessingInitializeOnLoad (1ms)
				EditorAssembliesLoaded (0ms)
			ExecutionOrderSort2 (0ms)
			AwakeInstancesAfterBackupRestoration (48ms)
Platform modules already initialized, skipping
Refreshing native plugins compatible for Editor in 0.37 ms, found 2 plugins.
Preloading 0 native plugins for Editor in 0.00 ms.
Unloading 2010 Unused Serialized files (Serialized files now loaded: 0)
System memory in use before: 188.4 MB.
System memory in use after: 188.5 MB.

Unloading 14 unused Assets to reduce memory usage. Loaded Objects now: 2544.
Total: 2.943351 ms (FindLiveObjects: 0.155718 ms CreateObjectMapping: 0.078362 ms MarkObjects: 2.689729 ms  DeleteObjects: 0.018693 ms)

AssetImportParameters requested are different than current active one (requested -> active):
  custom:video-decoder-ogg-theora: a1e56fd34408186e4bbccfd4996cb3dc -> 
  custom:container-muxer-webm: aa71ff27fc2769a1b78a27578f13a17b -> 
  custom:container-demuxer-webm: 4f35f7cbe854078d1ac9338744f61a02 -> 
  custom:container-demuxer-ogg: 62fdf1f143b41e24485cea50d1cbac27 -> 
  custom:video-encoder-webm-vp8: eb34c28f22e8b96e1ab97ce403110664 -> 
  custom:framework-osx-AVFoundation: e770b220cccbd017edd2c1fefb359320 -> 
  custom:video-decoder-webm-vp8: 9c59270c3fd7afecdb556c50c9e8de78 -> 
  custom:audio-decoder-ogg-vorbis: bf7c407c2cedff20999df2af8eb42d56 -> 
  custom:audio-encoder-webm-vorbis: bf7c407c2cedff20999df2af8eb42d56 -> 
========================================================================
Received Prepare
Registering precompiled user dll's ...
Registered in 0.004755 seconds.
Begin MonoManager ReloadAssembly
Native extension for WindowsStandalone target not found
Native extension for OSXStandalone target not found
Refreshing native plugins compatible for Editor in 0.38 ms, found 2 plugins.
Preloading 0 native plugins for Editor in 0.00 ms.
2023-03-20 13:07:21.644 Unity[90010:8501984] NSEventModifierFlagFunction specified to -setKeyEquivalentModifierMask: for item <NSMenuItem: 0x7fc82d73a1f0 Font Asset, ke='Command-F12'>, but is only supported for system-provided menu items; will not be used
Mono: successfully reloaded assembly
- Completed reload, in  1.232 seconds
Domain Reload Profiling:
	ReloadAssembly (1233ms)
		BeginReloadAssembly (129ms)
			ExecutionOrderSort (0ms)
			DisableScriptedObjects (6ms)
			BackupInstance (0ms)
			ReleaseScriptingObjects (0ms)
			CreateAndSetChildDomain (68ms)
		EndReloadAssembly (1039ms)
			LoadAssemblies (93ms)
			RebuildTransferFunctionScriptingTraits (0ms)
			SetupTypeCache (337ms)
			ReleaseScriptCaches (1ms)
			RebuildScriptCaches (55ms)
			SetupLoadedEditorAssemblies (350ms)
				LogAssemblyErrors (0ms)
				InitializePlatformSupportModulesInManaged (5ms)
				SetLoadedEditorAssemblies (0ms)
				RefreshPlugins (0ms)
				BeforeProcessingInitializeOnLoad (112ms)
				ProcessInitializeOnLoadAttributes (217ms)
				ProcessInitializeOnLoadMethodAttributes (14ms)
				AfterProcessingInitializeOnLoad (1ms)
				EditorAssembliesLoaded (0ms)
			ExecutionOrderSort2 (0ms)
			AwakeInstancesAfterBackupRestoration (53ms)
Platform modules already initialized, skipping
Refreshing native plugins compatible for Editor in 0.38 ms, found 2 plugins.
Preloading 0 native plugins for Editor in 0.00 ms.
Unloading 2010 Unused Serialized files (Serialized files now loaded: 0)
System memory in use before: 188.6 MB.
System memory in use after: 188.7 MB.

Unloading 14 unused Assets to reduce memory usage. Loaded Objects now: 2546.
Total: 2.930209 ms (FindLiveObjects: 0.158643 ms CreateObjectMapping: 0.078871 ms MarkObjects: 2.676038 ms  DeleteObjects: 0.015957 ms)

AssetImportParameters requested are different than current active one (requested -> active):
  custom:video-decoder-ogg-theora: a1e56fd34408186e4bbccfd4996cb3dc -> 
  custom:container-muxer-webm: aa71ff27fc2769a1b78a27578f13a17b -> 
  custom:container-demuxer-webm: 4f35f7cbe854078d1ac9338744f61a02 -> 
  custom:container-demuxer-ogg: 62fdf1f143b41e24485cea50d1cbac27 -> 
  custom:video-encoder-webm-vp8: eb34c28f22e8b96e1ab97ce403110664 -> 
  custom:framework-osx-AVFoundation: e770b220cccbd017edd2c1fefb359320 -> 
  custom:video-decoder-webm-vp8: 9c59270c3fd7afecdb556c50c9e8de78 -> 
  custom:audio-decoder-ogg-vorbis: bf7c407c2cedff20999df2af8eb42d56 -> 
  custom:audio-encoder-webm-vorbis: bf7c407c2cedff20999df2af8eb42d56 -> 
========================================================================
Received Prepare
Registering precompiled user dll's ...
Registered in 0.004744 seconds.
Begin MonoManager ReloadAssembly
Native extension for WindowsStandalone target not found
Native extension for OSXStandalone target not found
Refreshing native plugins compatible for Editor in 0.39 ms, found 2 plugins.
Preloading 0 native plugins for Editor in 0.00 ms.
2023-03-20 13:10:51.615 Unity[90010:8501984] NSEventModifierFlagFunction specified to -setKeyEquivalentModifierMask: for item <NSMenuItem: 0x7fc82c274970 Font Asset, ke='Command-F12'>, but is only supported for system-provided menu items; will not be used
Mono: successfully reloaded assembly
- Completed reload, in  1.219 seconds
Domain Reload Profiling:
	ReloadAssembly (1222ms)
		BeginReloadAssembly (129ms)
			ExecutionOrderSort (0ms)
			DisableScriptedObjects (6ms)
			BackupInstance (0ms)
			ReleaseScriptingObjects (0ms)
			CreateAndSetChildDomain (68ms)
		EndReloadAssembly (1026ms)
			LoadAssemblies (95ms)
			RebuildTransferFunctionScriptingTraits (0ms)
			SetupTypeCache (343ms)
			ReleaseScriptCaches (1ms)
			RebuildScriptCaches (53ms)
			SetupLoadedEditorAssemblies (337ms)
				LogAssemblyErrors (0ms)
				InitializePlatformSupportModulesInManaged (5ms)
				SetLoadedEditorAssemblies (1ms)
				RefreshPlugins (0ms)
				BeforeProcessingInitializeOnLoad (105ms)
				ProcessInitializeOnLoadAttributes (212ms)
				ProcessInitializeOnLoadMethodAttributes (13ms)
				AfterProcessingInitializeOnLoad (1ms)
				EditorAssembliesLoaded (0ms)
			ExecutionOrderSort2 (0ms)
			AwakeInstancesAfterBackupRestoration (52ms)
Platform modules already initialized, skipping
Refreshing native plugins compatible for Editor in 0.44 ms, found 2 plugins.
Preloading 0 native plugins for Editor in 0.00 ms.
Unloading 2010 Unused Serialized files (Serialized files now loaded: 0)
System memory in use before: 188.8 MB.
System memory in use after: 188.9 MB.

Unloading 14 unused Assets to reduce memory usage. Loaded Objects now: 2548.
Total: 3.274466 ms (FindLiveObjects: 0.146679 ms CreateObjectMapping: 0.076100 ms MarkObjects: 3.023413 ms  DeleteObjects: 0.027520 ms)

AssetImportParameters requested are different than current active one (requested -> active):
  custom:video-decoder-ogg-theora: a1e56fd34408186e4bbccfd4996cb3dc -> 
  custom:container-muxer-webm: aa71ff27fc2769a1b78a27578f13a17b -> 
  custom:container-demuxer-webm: 4f35f7cbe854078d1ac9338744f61a02 -> 
  custom:container-demuxer-ogg: 62fdf1f143b41e24485cea50d1cbac27 -> 
  custom:video-encoder-webm-vp8: eb34c28f22e8b96e1ab97ce403110664 -> 
  custom:framework-osx-AVFoundation: e770b220cccbd017edd2c1fefb359320 -> 
  custom:video-decoder-webm-vp8: 9c59270c3fd7afecdb556c50c9e8de78 -> 
  custom:audio-decoder-ogg-vorbis: bf7c407c2cedff20999df2af8eb42d56 -> 
  custom:audio-encoder-webm-vorbis: bf7c407c2cedff20999df2af8eb42d56 -> 
========================================================================
Received Prepare
Registering precompiled user dll's ...
Registered in 0.004571 seconds.
Begin MonoManager ReloadAssembly
Native extension for WindowsStandalone target not found
Native extension for OSXStandalone target not found
Refreshing native plugins compatible for Editor in 0.36 ms, found 2 plugins.
Preloading 0 native plugins for Editor in 0.00 ms.
2023-03-20 13:11:51.097 Unity[90010:8501984] NSEventModifierFlagFunction specified to -setKeyEquivalentModifierMask: for item <NSMenuItem: 0x7fc82c427f60 Font Asset, ke='Command-F12'>, but is only supported for system-provided menu items; will not be used
Mono: successfully reloaded assembly
- Completed reload, in  1.195 seconds
Domain Reload Profiling:
	ReloadAssembly (1195ms)
		BeginReloadAssembly (125ms)
			ExecutionOrderSort (0ms)
			DisableScriptedObjects (5ms)
			BackupInstance (0ms)
			ReleaseScriptingObjects (0ms)
			CreateAndSetChildDomain (65ms)
		EndReloadAssembly (1006ms)
			LoadAssemblies (91ms)
			RebuildTransferFunctionScriptingTraits (0ms)
			SetupTypeCache (324ms)
			ReleaseScriptCaches (1ms)
			RebuildScriptCaches (59ms)
			SetupLoadedEditorAssemblies (336ms)
				LogAssemblyErrors (0ms)
				InitializePlatformSupportModulesInManaged (5ms)
				SetLoadedEditorAssemblies (1ms)
				RefreshPlugins (0ms)
				BeforeProcessingInitializeOnLoad (106ms)
				ProcessInitializeOnLoadAttributes (209ms)
				ProcessInitializeOnLoadMethodAttributes (13ms)
				AfterProcessingInitializeOnLoad (1ms)
				EditorAssembliesLoaded (0ms)
			ExecutionOrderSort2 (0ms)
			AwakeInstancesAfterBackupRestoration (53ms)
Platform modules already initialized, skipping
Refreshing native plugins compatible for Editor in 0.47 ms, found 2 plugins.
Preloading 0 native plugins for Editor in 0.00 ms.
Unloading 2010 Unused Serialized files (Serialized files now loaded: 0)
System memory in use before: 189.0 MB.
System memory in use after: 189.1 MB.

Unloading 14 unused Assets to reduce memory usage. Loaded Objects now: 2550.
Total: 3.175014 ms (FindLiveObjects: 0.173389 ms CreateObjectMapping: 0.079748 ms MarkObjects: 2.901486 ms  DeleteObjects: 0.019746 ms)

AssetImportParameters requested are different than current active one (requested -> active):
  custom:video-decoder-ogg-theora: a1e56fd34408186e4bbccfd4996cb3dc -> 
  custom:container-muxer-webm: aa71ff27fc2769a1b78a27578f13a17b -> 
  custom:container-demuxer-webm: 4f35f7cbe854078d1ac9338744f61a02 -> 
  custom:container-demuxer-ogg: 62fdf1f143b41e24485cea50d1cbac27 -> 
  custom:video-encoder-webm-vp8: eb34c28f22e8b96e1ab97ce403110664 -> 
  custom:framework-osx-AVFoundation: e770b220cccbd017edd2c1fefb359320 -> 
  custom:video-decoder-webm-vp8: 9c59270c3fd7afecdb556c50c9e8de78 -> 
  custom:audio-decoder-ogg-vorbis: bf7c407c2cedff20999df2af8eb42d56 -> 
  custom:audio-encoder-webm-vorbis: bf7c407c2cedff20999df2af8eb42d56 -> 
========================================================================
Received Prepare
Registering precompiled user dll's ...
Registered in 0.004818 seconds.
Begin MonoManager ReloadAssembly
Native extension for WindowsStandalone target not found
Native extension for OSXStandalone target not found
Refreshing native plugins compatible for Editor in 0.38 ms, found 2 plugins.
Preloading 0 native plugins for Editor in 0.00 ms.
2023-03-20 14:09:32.843 Unity[90010:8501984] NSEventModifierFlagFunction specified to -setKeyEquivalentModifierMask: for item <NSMenuItem: 0x7fc82b610540 Font Asset, ke='Command-F12'>, but is only supported for system-provided menu items; will not be used
Mono: successfully reloaded assembly
- Completed reload, in  1.388 seconds
Domain Reload Profiling:
	ReloadAssembly (1390ms)
		BeginReloadAssembly (217ms)
			ExecutionOrderSort (0ms)
			DisableScriptedObjects (13ms)
			BackupInstance (0ms)
			ReleaseScriptingObjects (0ms)
			CreateAndSetChildDomain (130ms)
		EndReloadAssembly (1105ms)
			LoadAssemblies (122ms)
			RebuildTransferFunctionScriptingTraits (0ms)
			SetupTypeCache (379ms)
			ReleaseScriptCaches (1ms)
			RebuildScriptCaches (55ms)
			SetupLoadedEditorAssemblies (356ms)
				LogAssemblyErrors (0ms)
				InitializePlatformSupportModulesInManaged (5ms)
				SetLoadedEditorAssemblies (1ms)
				RefreshPlugins (0ms)
				BeforeProcessingInitializeOnLoad (110ms)
				ProcessInitializeOnLoadAttributes (225ms)
				ProcessInitializeOnLoadMethodAttributes (13ms)
				AfterProcessingInitializeOnLoad (1ms)
				EditorAssembliesLoaded (0ms)
			ExecutionOrderSort2 (0ms)
			AwakeInstancesAfterBackupRestoration (41ms)
Platform modules already initialized, skipping
Refreshing native plugins compatible for Editor in 0.37 ms, found 2 plugins.
Preloading 0 native plugins for Editor in 0.00 ms.
Unloading 2010 Unused Serialized files (Serialized files now loaded: 0)
System memory in use before: 189.6 MB.
System memory in use after: 189.7 MB.

Unloading 14 unused Assets to reduce memory usage. Loaded Objects now: 2552.
Total: 3.565843 ms (FindLiveObjects: 0.234416 ms CreateObjectMapping: 0.097833 ms MarkObjects: 3.193225 ms  DeleteObjects: 0.039287 ms)

AssetImportParameters requested are different than current active one (requested -> active):
  custom:video-decoder-ogg-theora: a1e56fd34408186e4bbccfd4996cb3dc -> 
  custom:container-muxer-webm: aa71ff27fc2769a1b78a27578f13a17b -> 
  custom:container-demuxer-webm: 4f35f7cbe854078d1ac9338744f61a02 -> 
  custom:container-demuxer-ogg: 62fdf1f143b41e24485cea50d1cbac27 -> 
  custom:video-encoder-webm-vp8: eb34c28f22e8b96e1ab97ce403110664 -> 
  custom:framework-osx-AVFoundation: e770b220cccbd017edd2c1fefb359320 -> 
  custom:video-decoder-webm-vp8: 9c59270c3fd7afecdb556c50c9e8de78 -> 
  custom:audio-decoder-ogg-vorbis: bf7c407c2cedff20999df2af8eb42d56 -> 
  custom:audio-encoder-webm-vorbis: bf7c407c2cedff20999df2af8eb42d56 -> 
========================================================================
Received Prepare
Registering precompiled user dll's ...
Registered in 0.005294 seconds.
Begin MonoManager ReloadAssembly
Native extension for WindowsStandalone target not found
Native extension for OSXStandalone target not found
Refreshing native plugins compatible for Editor in 0.40 ms, found 2 plugins.
Preloading 0 native plugins for Editor in 0.00 ms.
2023-03-20 14:10:37.080 Unity[90010:8501984] NSEventModifierFlagFunction specified to -setKeyEquivalentModifierMask: for item <NSMenuItem: 0x7fc82c4b7d60 Font Asset, ke='Command-F12'>, but is only supported for system-provided menu items; will not be used
Mono: successfully reloaded assembly
- Completed reload, in  1.274 seconds
Domain Reload Profiling:
	ReloadAssembly (1277ms)
		BeginReloadAssembly (142ms)
			ExecutionOrderSort (0ms)
			DisableScriptedObjects (7ms)
			BackupInstance (0ms)
			ReleaseScriptingObjects (0ms)
			CreateAndSetChildDomain (74ms)
		EndReloadAssembly (1062ms)
			LoadAssemblies (97ms)
			RebuildTransferFunctionScriptingTraits (0ms)
			SetupTypeCache (375ms)
			ReleaseScriptCaches (1ms)
			RebuildScriptCaches (55ms)
			SetupLoadedEditorAssemblies (351ms)
				LogAssemblyErrors (0ms)
				InitializePlatformSupportModulesInManaged (5ms)
				SetLoadedEditorAssemblies (1ms)
				RefreshPlugins (0ms)
				BeforeProcessingInitializeOnLoad (111ms)
				ProcessInitializeOnLoadAttributes (220ms)
				ProcessInitializeOnLoadMethodAttributes (13ms)
				AfterProcessingInitializeOnLoad (1ms)
				EditorAssembliesLoaded (0ms)
			ExecutionOrderSort2 (0ms)
			AwakeInstancesAfterBackupRestoration (37ms)
Platform modules already initialized, skipping
Refreshing native plugins compatible for Editor in 0.36 ms, found 2 plugins.
Preloading 0 native plugins for Editor in 0.00 ms.
Unloading 2010 Unused Serialized files (Serialized files now loaded: 0)
System memory in use before: 189.7 MB.
System memory in use after: 189.9 MB.

Unloading 14 unused Assets to reduce memory usage. Loaded Objects now: 2554.
Total: 2.952037 ms (FindLiveObjects: 0.146522 ms CreateObjectMapping: 0.077339 ms MarkObjects: 2.709354 ms  DeleteObjects: 0.017828 ms)

AssetImportParameters requested are different than current active one (requested -> active):
  custom:video-decoder-ogg-theora: a1e56fd34408186e4bbccfd4996cb3dc -> 
  custom:container-muxer-webm: aa71ff27fc2769a1b78a27578f13a17b -> 
  custom:container-demuxer-webm: 4f35f7cbe854078d1ac9338744f61a02 -> 
  custom:container-demuxer-ogg: 62fdf1f143b41e24485cea50d1cbac27 -> 
  custom:video-encoder-webm-vp8: eb34c28f22e8b96e1ab97ce403110664 -> 
  custom:framework-osx-AVFoundation: e770b220cccbd017edd2c1fefb359320 -> 
  custom:video-decoder-webm-vp8: 9c59270c3fd7afecdb556c50c9e8de78 -> 
  custom:audio-decoder-ogg-vorbis: bf7c407c2cedff20999df2af8eb42d56 -> 
  custom:audio-encoder-webm-vorbis: bf7c407c2cedff20999df2af8eb42d56 -> 
